-------------------------------------------------------------------------------
Test set: com.example.javamavenjunithelloworld.HelloAppTest
-------------------------------------------------------------------------------
Tests run: 1, Failures: 0, Errors: 1, Skipped: 0, Time elapsed: 0.086 sec <<< FAILURE! - in com.example.javamavenjunithelloworld.HelloAppTest
initializationError(com.example.javamavenjunithelloworld.HelloAppTest)  Time elapsed: 0.009 sec  <<< ERROR!
java.lang.IllegalAccessError: class jdk.internal.reflect.ConstructorAccessorImpl loaded by org/powermock/core/classloader/MockClassLoader cannot access jdk/internal/reflect superclass jdk.internal.reflect.MagicAccessorImpl
	at java.base/java.lang.ClassLoader.defineClass1(Native Method)
	at java.base/java.lang.ClassLoader.defineClass(ClassLoader.java:1007)
	at java.base/java.lang.ClassLoader.defineClass(ClassLoader.java:868)
	at org.powermock.core.classloader.MockClassLoader.loadUnmockedClass(MockClassLoader.java:201)
	at org.powermock.core.classloader.MockClassLoader.loadModifiedClass(MockClassLoader.java:149)
	at org.powermock.core.classloader.DeferSupportingClassLoader.loadClass(DeferSupportingClassLoader.java:67)
	at java.base/java.lang.ClassLoader.loadClass(ClassLoader.java:496)
	at java.base/java.lang.ClassLoader.defineClass1(Native Method)
	at java.base/java.lang.ClassLoader.defineClass(ClassLoader.java:1007)
	at java.base/java.lang.ClassLoader.defineClass(ClassLoader.java:868)
	at org.powermock.core.classloader.MockClassLoader.loadUnmockedClass(MockClassLoader.java:201)
	at org.powermock.core.classloader.MockClassLoader.loadModifiedClass(MockClassLoader.java:149)
	at org.powermock.core.classloader.DeferSupportingClassLoader.loadClass(DeferSupportingClassLoader.java:67)
	at java.base/java.lang.ClassLoader.loadClass(ClassLoader.java:496)
	at java.base/jdk.internal.misc.Unsafe.defineClass0(Native Method)
	at java.base/jdk.internal.misc.Unsafe.defineClass(Unsafe.java:1173)
	at java.base/jdk.internal.reflect.ClassDefiner.defineClass(ClassDefiner.java:63)
	at java.base/jdk.internal.reflect.MethodAccessorGenerator$1.run(MethodAccessorGenerator.java:400)
	at java.base/jdk.internal.reflect.MethodAccessorGenerator$1.run(MethodAccessorGenerator.java:394)
	at java.base/java.security.AccessController.doPrivileged(Native Method)
	at java.base/jdk.internal.reflect.MethodAccessorGenerator.generate(MethodAccessorGenerator.java:393)
	at java.base/jdk.internal.reflect.MethodAccessorGenerator.generateSerializationConstructor(MethodAccessorGenerator.java:112)
	at java.base/jdk.internal.reflect.ReflectionFactory.generateConstructor(ReflectionFactory.java:434)
	at java.base/jdk.internal.reflect.ReflectionFactory.newConstructorForSerialization(ReflectionFactory.java:404)
	at jdk.unsupported/sun.reflect.ReflectionFactory.newConstructorForSerialization(ReflectionFactory.java:103)
	at org.objenesis.instantiator.sun.SunReflectionFactoryInstantiator.<init>(SunReflectionFactoryInstantiator.java:49)
	at org.objenesis.strategy.StdInstantiatorStrategy.newInstantiatorOf(StdInstantiatorStrategy.java:85)
	at org.objenesis.ObjenesisBase.getInstantiatorOf(ObjenesisBase.java:90)
	at org.powermock.reflect.internal.WhiteboxImpl.newInstance(WhiteboxImpl.java:228)
	at org.powermock.reflect.Whitebox.newInstance(Whitebox.java:139)
	at org.powermock.tests.utils.impl.AbstractTestSuiteChunkerImpl.registerProxyframework(AbstractTestSuiteChunkerImpl.java:154)
	at org.powermock.tests.utils.impl.AbstractTestSuiteChunkerImpl.chunkClass(AbstractTestSuiteChunkerImpl.java:173)
	at org.powermock.tests.utils.impl.AbstractTestSuiteChunkerImpl.<init>(AbstractTestSuiteChunkerImpl.java:92)
	at org.powermock.tests.utils.impl.AbstractTestSuiteChunkerImpl.<init>(AbstractTestSuiteChunkerImpl.java:85)
	at org.powermock.modules.junit4.common.internal.impl.JUnit4TestSuiteChunkerImpl.<init>(JUnit4TestSuiteChunkerImpl.java:47)
	at org.powermock.modules.junit4.common.internal.impl.AbstractCommonPowerMockRunner.<init>(AbstractCommonPowerMockRunner.java:32)
	at org.powermock.modules.junit4.PowerMockRunner.<init>(PowerMockRunner.java:33)
	at java.base/jdk.internal.reflect.NativeConstructorAccessorImpl.newInstance0(Native Method)
	at java.base/jdk.internal.reflect.NativeConstructorAccessorImpl.newInstance(NativeConstructorAccessorImpl.java:62)
	at java.base/jdk.internal.reflect.DelegatingConstructorAccessorImpl.newInstance(DelegatingConstructorAccessorImpl.java:45)
	at java.base/java.lang.reflect.Constructor.newInstance(Constructor.java:488)
	at org.junit.internal.builders.AnnotatedBuilder.buildRunner(AnnotatedBuilder.java:29)
	at org.junit.internal.builders.AnnotatedBuilder.runnerForClass(AnnotatedBuilder.java:21)
	at org.junit.runners.model.RunnerBuilder.safeRunnerForClass(RunnerBuilder.java:59)
	at org.junit.internal.builders.AllDefaultPossibilitiesBuilder.runnerForClass(AllDefaultPossibilitiesBuilder.java:26)
	at org.junit.runners.model.RunnerBuilder.safeRunnerForClass(RunnerBuilder.java:59)
	at org.junit.internal.requests.ClassRequest.getRunner(ClassRequest.java:26)
	at org.apache.maven.surefire.junit4.JUnit4Provider.execute(JUnit4Provider.java:262)
	at org.apache.maven.surefire.junit4.JUnit4Provider.executeTestSet(JUnit4Provider.java:153)
	at org.apache.maven.surefire.junit4.JUnit4Provider.invoke(JUnit4Provider.java:124)
	at org.apache.maven.surefire.booter.ForkedBooter.invokeProviderInSameClassLoader(ForkedBooter.java:200)
	at org.apache.maven.surefire.booter.ForkedBooter.runSuitesInProcess(ForkedBooter.java:153)
	at org.apache.maven.surefire.booter.ForkedBooter.main(ForkedBooter.java:103)

